<?xml version="1.0" encoding="UTF-8"?>
<robot generator="Robot 7.0.1 (Python 3.10.11 on win32)" generated="2025-11-18T21:40:04.093199" rpa="false" schemaversion="5">
<suite id="s1" name="Login" source="C:\Users\maria\Desktop\academy\academy-blacklist\robot-framework-testes-frontend\tests\login\login.robot">
<kw name="Abrir Navegador" owner="common" type="SETUP">
<kw name="Open Browser" owner="SeleniumLibrary">
<msg time="2025-11-18T21:40:04.293448" level="INFO">Opening browser 'Chrome' to base url 'https://blacklist.qacoders.dev.br'.</msg>
<arg>${BASE_URL_UI}</arg>
<arg>Chrome</arg>
<doc>Opens a new browser instance to the optional ``url``.</doc>
<status status="PASS" start="2025-11-18T21:40:04.293448" elapsed="5.386226"/>
</kw>
<kw name="Maximize Browser Window" owner="SeleniumLibrary">
<doc>Maximizes current browser window.</doc>
<status status="PASS" start="2025-11-18T21:40:09.679674" elapsed="0.021399"/>
</kw>
<status status="PASS" start="2025-11-18T21:40:04.291944" elapsed="5.409129"/>
</kw>
<test id="s1-t1" name="Cenario 01: Realizar Login com Sucesso" line="9">
<kw name="Realizar Login" owner="login">
<kw name="Wait Until Element Is Visible" owner="SeleniumLibrary">
<arg>id:email</arg>
<arg>timeout=10s</arg>
<doc>Waits until the element ``locator`` is visible.</doc>
<status status="PASS" start="2025-11-18T21:40:09.702579" elapsed="3.263429"/>
</kw>
<kw name="Input Text" owner="SeleniumLibrary">
<msg time="2025-11-18T21:40:12.967008" level="INFO">Typing text 'robot_ui@domain.com' into text field 'id:email'.</msg>
<arg>id:email</arg>
<arg>${FRONTEND_EMAIL}</arg>
<doc>Types the given ``text`` into the text field identified by ``locator``.</doc>
<status status="PASS" start="2025-11-18T21:40:12.966008" elapsed="0.100767"/>
</kw>
<kw name="Wait Until Element Is Visible" owner="SeleniumLibrary">
<arg>id:password</arg>
<arg>timeout=10s</arg>
<doc>Waits until the element ``locator`` is visible.</doc>
<status status="PASS" start="2025-11-18T21:40:13.066775" elapsed="0.014207"/>
</kw>
<kw name="Input Text" owner="SeleniumLibrary">
<msg time="2025-11-18T21:40:13.080982" level="INFO">Typing text '1234@Test' into text field 'id:password'.</msg>
<arg>id:password</arg>
<arg>${FRONTEND_PASSWORD}</arg>
<doc>Types the given ``text`` into the text field identified by ``locator``.</doc>
<status status="PASS" start="2025-11-18T21:40:13.080982" elapsed="0.055522"/>
</kw>
<kw name="Wait Until Element Is Visible" owner="SeleniumLibrary">
<arg>id:login</arg>
<arg>timeout=10s</arg>
<doc>Waits until the element ``locator`` is visible.</doc>
<status status="PASS" start="2025-11-18T21:40:13.136504" elapsed="0.011995"/>
</kw>
<kw name="Click Button" owner="SeleniumLibrary">
<msg time="2025-11-18T21:40:13.149500" level="INFO">Clicking button 'id:login'.</msg>
<arg>id:login</arg>
<doc>Clicks the button identified by ``locator``.</doc>
<status status="PASS" start="2025-11-18T21:40:13.149500" elapsed="0.065023"/>
</kw>
<status status="PASS" start="2025-11-18T21:40:09.702579" elapsed="3.511944"/>
</kw>
<kw name="Verificar Redirecionamento Para Home" owner="login">
<kw name="Wait Until Location Is" owner="SeleniumLibrary">
<arg>${BASE_URL_UI}/home</arg>
<arg>timeout=10s</arg>
<doc>Waits until the current URL is ``expected``.</doc>
<status status="PASS" start="2025-11-18T21:40:13.215517" elapsed="2.573209"/>
</kw>
<kw name="Location Should Be" owner="SeleniumLibrary">
<msg time="2025-11-18T21:40:15.791725" level="INFO">Current location is 'https://blacklist.qacoders.dev.br/home'.</msg>
<arg>${BASE_URL_UI}/home</arg>
<doc>Verifies that the current URL is exactly ``url``.</doc>
<status status="PASS" start="2025-11-18T21:40:15.788726" elapsed="0.002999"/>
</kw>
<status status="PASS" start="2025-11-18T21:40:13.215517" elapsed="2.576208"/>
</kw>
<kw name="Verificar Elemento Cadastros Visivel" owner="login">
<kw name="Wait Until Element Is Visible" owner="SeleniumLibrary">
<arg>id:Cadastros</arg>
<arg>timeout=10s</arg>
<doc>Waits until the element ``locator`` is visible.</doc>
<status status="PASS" start="2025-11-18T21:40:15.792727" elapsed="0.013998"/>
</kw>
<kw name="Element Text Should Be" owner="SeleniumLibrary">
<msg time="2025-11-18T21:40:15.806725" level="INFO">Verifying element 'id:Cadastros' contains exact text 'Cadastros'.</msg>
<arg>id:Cadastros</arg>
<arg>Cadastros</arg>
<doc>Verifies that element ``locator`` contains exact the text ``expected``.</doc>
<status status="PASS" start="2025-11-18T21:40:15.806725" elapsed="0.015366"/>
</kw>
<status status="PASS" start="2025-11-18T21:40:15.792727" elapsed="0.029364"/>
</kw>
<doc>Testa o login na interface web e valida o redirecionamento para a home</doc>
<status status="PASS" start="2025-11-18T21:40:09.701073" elapsed="6.121018"/>
</test>
<kw name="Fechar Navegador" owner="common" type="TEARDOWN">
<kw name="Close Browser" owner="SeleniumLibrary">
<doc>Closes the current browser.</doc>
<status status="PASS" start="2025-11-18T21:40:15.824091" elapsed="2.146356"/>
</kw>
<status status="PASS" start="2025-11-18T21:40:15.823091" elapsed="2.147356"/>
</kw>
<status status="PASS" start="2025-11-18T21:40:04.094708" elapsed="13.875739"/>
</suite>
<statistics>
<total>
<stat pass="1" fail="0" skip="0">All Tests</stat>
</total>
<tag>
</tag>
<suite>
<stat pass="1" fail="0" skip="0" id="s1" name="Login">Login</stat>
</suite>
</statistics>
<errors>
</errors>
</robot>
